  BeatUpServer.cpp
C:\Users\Wlasciciel\vcpkg\installed\x64-windows\include\crow\http_parser_merged.h(587,32): warning C4244: '=': conversion from '__int64' to 'unsigned long', possible loss of data
  (compiling source file 'BeatUpServer.cpp')
  
C:\Users\Wlasciciel\vcpkg\installed\x64-windows\include\crow\http_parser_merged.h(607,32): warning C4244: '=': conversion from '__int64' to 'unsigned long', possible loss of data
  (compiling source file 'BeatUpServer.cpp')
  
  Please define _WIN32_WINNT or _WIN32_WINDOWS appropriately. For example:
  - add -D_WIN32_WINNT=0x0601 to the compiler command line; or
  - add _WIN32_WINNT=0x0601 to your project's Preprocessor Definitions.
  Assuming _WIN32_WINNT=0x0601 (i.e. Windows 7 target).
C:\Users\Wlasciciel\vcpkg\installed\x64-windows\include\crow\json.h(1267,35): warning C4267: 'argument': conversion from 'size_t' to 'uint32_t', possible loss of data
  (compiling source file 'BeatUpServer.cpp')
  
C:\Users\Wlasciciel\vcpkg\installed\x64-windows\include\crow\json.h(1749,32): warning C4267: 'return': conversion from 'size_t' to 'int', possible loss of data
  (compiling source file 'BeatUpServer.cpp')
  
C:\Users\Wlasciciel\vcpkg\installed\x64-windows\include\crow\mustache.h(180,33): warning C4267: 'initializing': conversion from 'size_t' to 'int', possible loss of data
  (compiling source file 'BeatUpServer.cpp')
  
C:\Users\Wlasciciel\vcpkg\installed\x64-windows\include\crow\mustache.h(199,48): warning C4267: '=': conversion from 'size_t' to 'int', possible loss of data
  (compiling source file 'BeatUpServer.cpp')
  
C:\Users\Wlasciciel\vcpkg\installed\x64-windows\include\crow\mustache.h(201,53): warning C4267: 'argument': conversion from 'size_t' to '_Ty', possible loss of data
C:\Users\Wlasciciel\vcpkg\installed\x64-windows\include\crow\mustache.h(201,53): warning C4267:         with
C:\Users\Wlasciciel\vcpkg\installed\x64-windows\include\crow\mustache.h(201,53): warning C4267:         [
C:\Users\Wlasciciel\vcpkg\installed\x64-windows\include\crow\mustache.h(201,53): warning C4267:             _Ty=int
C:\Users\Wlasciciel\vcpkg\installed\x64-windows\include\crow\mustache.h(201,53): warning C4267:         ]
  (compiling source file 'BeatUpServer.cpp')
  
C:\Users\Wlasciciel\vcpkg\installed\x64-windows\include\crow\mustache.h(302,94): warning C4267: 'argument': conversion from 'size_t' to 'int', possible loss of data
  (compiling source file 'BeatUpServer.cpp')
  
C:\Users\Wlasciciel\vcpkg\installed\x64-windows\include\crow\mustache.h(450,54): warning C4267: 'argument': conversion from 'size_t' to 'int', possible loss of data
  (compiling source file 'BeatUpServer.cpp')
  
C:\Users\Wlasciciel\vcpkg\installed\x64-windows\include\crow\mustache.h(461,54): warning C4267: 'argument': conversion from 'size_t' to 'int', possible loss of data
  (compiling source file 'BeatUpServer.cpp')
  
C:\Users\Wlasciciel\vcpkg\installed\x64-windows\include\crow\mustache.h(479,54): warning C4267: 'argument': conversion from 'size_t' to 'int', possible loss of data
  (compiling source file 'BeatUpServer.cpp')
  
C:\Users\Wlasciciel\vcpkg\installed\x64-windows\include\crow\mustache.h(490,54): warning C4267: 'argument': conversion from 'size_t' to 'int', possible loss of data
  (compiling source file 'BeatUpServer.cpp')
  
C:\Users\Wlasciciel\vcpkg\installed\x64-windows\include\crow\routing.h(782,74): warning C4566: character represented by universal-character-name '\u2514' cannot be represented in the current code page (1250)
  (compiling source file 'BeatUpServer.cpp')
  
C:\Users\Wlasciciel\vcpkg\installed\x64-windows\include\crow\routing.h(782,74): warning C4566: character represented by universal-character-name '\u279D' cannot be represented in the current code page (1250)
  (compiling source file 'BeatUpServer.cpp')
  
C:\Users\Wlasciciel\vcpkg\installed\x64-windows\include\crow\routing.h(786,74): warning C4566: character represented by universal-character-name '\u2514' cannot be represented in the current code page (1250)
  (compiling source file 'BeatUpServer.cpp')
  
C:\Users\Wlasciciel\vcpkg\installed\x64-windows\include\crow\routing.h(786,74): warning C4566: character represented by universal-character-name '\u279D' cannot be represented in the current code page (1250)
  (compiling source file 'BeatUpServer.cpp')
  
C:\Users\Wlasciciel\vcpkg\installed\x64-windows\include\crow\routing.h(790,74): warning C4566: character represented by universal-character-name '\u2514' cannot be represented in the current code page (1250)
  (compiling source file 'BeatUpServer.cpp')
  
C:\Users\Wlasciciel\vcpkg\installed\x64-windows\include\crow\routing.h(790,74): warning C4566: character represented by universal-character-name '\u279D' cannot be represented in the current code page (1250)
  (compiling source file 'BeatUpServer.cpp')
  
C:\Users\Wlasciciel\vcpkg\installed\x64-windows\include\crow\routing.h(794,74): warning C4566: character represented by universal-character-name '\u2514' cannot be represented in the current code page (1250)
  (compiling source file 'BeatUpServer.cpp')
  
C:\Users\Wlasciciel\vcpkg\installed\x64-windows\include\crow\routing.h(794,74): warning C4566: character represented by universal-character-name '\u279D' cannot be represented in the current code page (1250)
  (compiling source file 'BeatUpServer.cpp')
  
C:\Users\Wlasciciel\vcpkg\installed\x64-windows\include\crow\routing.h(798,74): warning C4566: character represented by universal-character-name '\u2514' cannot be represented in the current code page (1250)
  (compiling source file 'BeatUpServer.cpp')
  
C:\Users\Wlasciciel\vcpkg\installed\x64-windows\include\crow\routing.h(798,74): warning C4566: character represented by universal-character-name '\u279D' cannot be represented in the current code page (1250)
  (compiling source file 'BeatUpServer.cpp')
  
C:\Users\Wlasciciel\vcpkg\installed\x64-windows\include\crow\routing.h(802,74): warning C4566: character represented by universal-character-name '\u2514' cannot be represented in the current code page (1250)
  (compiling source file 'BeatUpServer.cpp')
  
C:\Users\Wlasciciel\vcpkg\installed\x64-windows\include\crow\routing.h(802,74): warning C4566: character represented by universal-character-name '\u279D' cannot be represented in the current code page (1250)
  (compiling source file 'BeatUpServer.cpp')
  
C:\Users\Wlasciciel\vcpkg\installed\x64-windows\include\crow\routing.h(808,66): warning C4566: character represented by universal-character-name '\u2514' cannot be represented in the current code page (1250)
  (compiling source file 'BeatUpServer.cpp')
  
C:\Users\Wlasciciel\vcpkg\installed\x64-windows\include\crow\routing.h(808,66): warning C4566: character represented by universal-character-name '\u279D' cannot be represented in the current code page (1250)
  (compiling source file 'BeatUpServer.cpp')
  
C:\Users\Wlasciciel\vcpkg\installed\x64-windows\include\crow\routing.h(819,31): warning C4566: character represented by universal-character-name '\u2514' cannot be represented in the current code page (1250)
  (compiling source file 'BeatUpServer.cpp')
  
C:\Users\Wlasciciel\vcpkg\installed\x64-windows\include\crow\routing.h(819,31): warning C4566: character represented by universal-character-name '\u2799' cannot be represented in the current code page (1250)
  (compiling source file 'BeatUpServer.cpp')
  
C:\Users\Wlasciciel\vcpkg\installed\x64-windows\include\crow\routing.h(882,70): warning C4244: 'argument': conversion from '__int64' to 'unsigned int', possible loss of data
  (compiling source file 'BeatUpServer.cpp')
  
C:\Users\Wlasciciel\vcpkg\installed\x64-windows\include\crow\routing.h(903,70): warning C4244: 'argument': conversion from '__int64' to 'unsigned int', possible loss of data
  (compiling source file 'BeatUpServer.cpp')
  
C:\Users\Wlasciciel\vcpkg\installed\x64-windows\include\crow\routing.h(924,70): warning C4244: 'argument': conversion from '__int64' to 'unsigned int', possible loss of data
  (compiling source file 'BeatUpServer.cpp')
  
C:\Users\Wlasciciel\vcpkg\installed\x64-windows\include\crow\routing.h(946,61): warning C4267: 'argument': conversion from 'size_t' to 'unsigned int', possible loss of data
  (compiling source file 'BeatUpServer.cpp')
  
C:\Users\Wlasciciel\vcpkg\installed\x64-windows\include\crow\routing.h(962,61): warning C4267: 'argument': conversion from 'size_t' to 'unsigned int', possible loss of data
  (compiling source file 'BeatUpServer.cpp')
  
C:\Users\Wlasciciel\vcpkg\installed\x64-windows\include\crow\routing.h(977,61): warning C4267: 'argument': conversion from 'size_t' to 'unsigned int', possible loss of data
  (compiling source file 'BeatUpServer.cpp')
  
C:\Users\Wlasciciel\vcpkg\installed\x64-windows\include\crow\routing.h(1032,53): warning C4267: '+=': conversion from 'size_t' to 'unsigned int', possible loss of data
  (compiling source file 'BeatUpServer.cpp')
  
C:\Users\Wlasciciel\vcpkg\installed\x64-windows\include\crow\routing.h(1043,45): warning C4267: '+=': conversion from 'size_t' to 'unsigned int', possible loss of data
  (compiling source file 'BeatUpServer.cpp')
  
C:\Users\Wlasciciel\vcpkg\installed\x64-windows\include\crow\routing.h(1296,101): warning C4267: 'argument': conversion from 'size_t' to 'unsigned int', possible loss of data
  (compiling source file 'BeatUpServer.cpp')
  
C:\Users\Wlasciciel\vcpkg\installed\x64-windows\include\crow\routing.h(1296,87): warning C4267: 'argument': conversion from 'size_t' to 'uint16_t', possible loss of data
  (compiling source file 'BeatUpServer.cpp')
  
C:\Users\Wlasciciel\vcpkg\installed\x64-windows\include\crow\routing.h(1302,118): warning C4267: 'argument': conversion from 'size_t' to 'unsigned int', possible loss of data
  (compiling source file 'BeatUpServer.cpp')
  
C:\Users\Wlasciciel\vcpkg\installed\x64-windows\include\crow\routing.h(1363,111): warning C4267: 'argument': conversion from 'size_t' to 'unsigned int', possible loss of data
  (compiling source file 'BeatUpServer.cpp')
  
C:\Users\Wlasciciel\vcpkg\installed\x64-windows\include\crow\routing.h(1508,24): warning C4267: 'initializing': conversion from 'size_t' to 'int', possible loss of data
  (compiling source file 'BeatUpServer.cpp')
  
C:\Users\Wlasciciel\Desktop\projekty\beatup\BeatUpServer\BeatUpServer.cpp(42,23): warning C4244: 'initializing': conversion from 'int64_t' to 'int', possible loss of data
C:\Users\Wlasciciel\vcpkg\installed\x64-windows\include\crow\http_server.h(237,37): warning C4267: '=': conversion from 'size_t' to 'uint16_t', possible loss of data
  (compiling source file 'BeatUpServer.cpp')
      C:\Users\Wlasciciel\vcpkg\installed\x64-windows\include\crow\http_server.h(237,37):
      the template instantiation context (the oldest one first) is
          C:\Users\Wlasciciel\Desktop\projekty\beatup\BeatUpServer\BeatUpServer.cpp(12,21):
          see reference to class template instantiation 'crow::Crow<>' being compiled
          C:\Users\Wlasciciel\vcpkg\installed\x64-windows\include\crow\app.h(501,14):
          while compiling class template member function 'void crow::Crow<>::run(void)'
              C:\Users\Wlasciciel\Desktop\projekty\beatup\BeatUpServer\BeatUpServer.cpp(90,39):
              see the first reference to 'crow::Crow<>::run' in 'main'
          C:\Users\Wlasciciel\vcpkg\installed\x64-windows\include\crow\app.h(534,26):
          see reference to class template instantiation 'crow::Server<crow::Crow<>,crow::SocketAdaptor>' being compiled
          C:\Users\Wlasciciel\vcpkg\installed\x64-windows\include\crow\http_server.h(226,18):
          while compiling class template member function 'uint16_t crow::Server<crow::Crow<>,crow::SocketAdaptor>::pick_io_context_idx(void)'
              C:\Users\Wlasciciel\vcpkg\installed\x64-windows\include\crow\http_server.h(246,38):
              see the first reference to 'crow::Server<crow::Crow<>,crow::SocketAdaptor>::pick_io_context_idx' in 'crow::Server<crow::Crow<>,crow::SocketAdaptor>::do_accept'
              C:\Users\Wlasciciel\vcpkg\installed\x64-windows\include\crow\http_server.h(173,22):
              see the first reference to 'crow::Server<crow::Crow<>,crow::SocketAdaptor>::do_accept' in 'crow::Server<crow::Crow<>,crow::SocketAdaptor>::run'
              C:\Users\Wlasciciel\vcpkg\installed\x64-windows\include\crow\app.h(540,29):
              see the first reference to 'crow::Server<crow::Crow<>,crow::SocketAdaptor>::run' in 'crow::Crow<>::run'
              C:\Users\Wlasciciel\Desktop\projekty\beatup\BeatUpServer\BeatUpServer.cpp(90,39):
              see the first reference to 'crow::Crow<>::run' in 'main'
  
C:\Users\Wlasciciel\vcpkg\installed\x64-windows\include\crow\http_connection.h(479,75): warning C4244: 'argument': conversion from 'unsigned __int64' to 'int', possible loss of data
  (compiling source file 'BeatUpServer.cpp')
      C:\Users\Wlasciciel\vcpkg\installed\x64-windows\include\crow\http_connection.h(479,75):
      the template instantiation context (the oldest one first) is
          C:\Users\Wlasciciel\vcpkg\installed\x64-windows\include\crow\http_server.h(242,14):
          while compiling class template member function 'void crow::Server<crow::Crow<>,crow::SocketAdaptor>::do_accept(void)'
              C:\Users\Wlasciciel\vcpkg\installed\x64-windows\include\crow\http_server.h(173,22):
              see the first reference to 'crow::Server<crow::Crow<>,crow::SocketAdaptor>::do_accept' in 'crow::Server<crow::Crow<>,crow::SocketAdaptor>::run'
              C:\Users\Wlasciciel\vcpkg\installed\x64-windows\include\crow\app.h(540,29):
              see the first reference to 'crow::Server<crow::Crow<>,crow::SocketAdaptor>::run' in 'crow::Crow<>::run'
              C:\Users\Wlasciciel\Desktop\projekty\beatup\BeatUpServer\BeatUpServer.cpp(90,39):
              see the first reference to 'crow::Crow<>::run' in 'main'
          C:\Users\Wlasciciel\vcpkg\installed\x64-windows\include\crow\http_server.h(256,19):
          see reference to class template instantiation 'crow::Connection<Adaptor,Handler>' being compiled
          with
          [
              Adaptor=crow::SocketAdaptor,
              Handler=crow::Crow<>
          ]
          C:\Users\Wlasciciel\vcpkg\installed\x64-windows\include\crow\http_connection.h(470,14):
          while compiling class template member function 'void crow::Connection<Adaptor,Handler>::do_read(void)'
          with
          [
              Adaptor=crow::SocketAdaptor,
              Handler=crow::Crow<>
          ]
              C:\Users\Wlasciciel\vcpkg\installed\x64-windows\include\crow\http_connection.h(101,34):
              see the first reference to 'crow::Connection<Adaptor,Handler>::do_read' in 'crow::Connection<Adaptor,Handler>::start::<lambda_1>::operator ()'
          with
          [
              Adaptor=crow::SocketAdaptor,
              Handler=crow::Crow<>
          ]
  
C:\Users\Wlasciciel\vcpkg\installed\x64-windows\include\crow\parser.h(127,25): warning C4267: 'initializing': conversion from 'size_t' to 'int', possible loss of data
  (compiling source file 'BeatUpServer.cpp')
      C:\Users\Wlasciciel\vcpkg\installed\x64-windows\include\crow\parser.h(127,25):
      the template instantiation context (the oldest one first) is
          C:\Users\Wlasciciel\vcpkg\installed\x64-windows\include\crow\http_connection.h(597,32):
          see reference to class template instantiation 'crow::HTTPParser<crow::Connection<Adaptor,Handler>>' being compiled
          with
          [
              Adaptor=crow::SocketAdaptor,
              Handler=crow::Crow<>
          ]
          C:\Users\Wlasciciel\vcpkg\installed\x64-windows\include\crow\parser.h(111,14):
          while compiling class template member function 'bool crow::HTTPParser<crow::Connection<Adaptor,Handler>>::feed(const char *,int)'
          with
          [
              Adaptor=crow::SocketAdaptor,
              Handler=crow::Crow<>
          ]
              C:\Users\Wlasciciel\vcpkg\installed\x64-windows\include\crow\http_connection.h(479,32):
              see the first reference to 'crow::HTTPParser<crow::Connection<Adaptor,Handler>>::feed' in 'crow::Connection<Adaptor,Handler>::do_read::<lambda_1>::operator ()'
          with
          [
              Adaptor=crow::SocketAdaptor,
              Handler=crow::Crow<>
          ]
  
  BeatUpServer.vcxproj -> C:\Users\Wlasciciel\Desktop\projekty\beatup\x64\Debug\BeatUpServer.exe
  'pwsh.exe' is not recognized as an internal or external command,
  operable program or batch file.
