  Game.cpp
C:\Users\Wlasciciel\Desktop\projekty\beatup\SFMLTemplate\Note.h(13,18): warning C4244: 'initializing': conversion from 'float' to 'int', possible loss of data
  (compiling source file 'Game.cpp')
  
C:\Program Files\Microsoft Visual Studio\2022\Community\VC\Tools\MSVC\14.43.34808\include\ranges(11): warning STL4038: The contents of <ranges> are available only with C++20 or later.
C:\Program Files\Microsoft Visual Studio\2022\Community\VC\Tools\MSVC\14.43.34808\include\span(12): warning STL4038: The contents of <span> are available only with C++20 or later.
C:\Users\Wlasciciel\vcpkg\installed\x64-windows\include\crow\http_parser_merged.h(587,32): warning C4244: '=': conversion from '__int64' to 'unsigned long', possible loss of data
  (compiling source file 'Game.cpp')
  
C:\Users\Wlasciciel\vcpkg\installed\x64-windows\include\crow\http_parser_merged.h(607,32): warning C4244: '=': conversion from '__int64' to 'unsigned long', possible loss of data
  (compiling source file 'Game.cpp')
  
C:\Users\Wlasciciel\vcpkg\installed\x64-windows\include\crow\json.h(1267,35): warning C4267: 'argument': conversion from 'size_t' to 'uint32_t', possible loss of data
  (compiling source file 'Game.cpp')
  
C:\Users\Wlasciciel\vcpkg\installed\x64-windows\include\crow\json.h(1749,32): warning C4267: 'return': conversion from 'size_t' to 'int', possible loss of data
  (compiling source file 'Game.cpp')
  
C:\Users\Wlasciciel\vcpkg\installed\x64-windows\include\crow\mustache.h(180,33): warning C4267: 'initializing': conversion from 'size_t' to 'int', possible loss of data
  (compiling source file 'Game.cpp')
  
C:\Users\Wlasciciel\vcpkg\installed\x64-windows\include\crow\mustache.h(199,48): warning C4267: '=': conversion from 'size_t' to 'int', possible loss of data
  (compiling source file 'Game.cpp')
  
C:\Users\Wlasciciel\vcpkg\installed\x64-windows\include\crow\mustache.h(201,53): warning C4267: 'argument': conversion from 'size_t' to '_Ty', possible loss of data
C:\Users\Wlasciciel\vcpkg\installed\x64-windows\include\crow\mustache.h(201,53): warning C4267:         with
C:\Users\Wlasciciel\vcpkg\installed\x64-windows\include\crow\mustache.h(201,53): warning C4267:         [
C:\Users\Wlasciciel\vcpkg\installed\x64-windows\include\crow\mustache.h(201,53): warning C4267:             _Ty=int
C:\Users\Wlasciciel\vcpkg\installed\x64-windows\include\crow\mustache.h(201,53): warning C4267:         ]
  (compiling source file 'Game.cpp')
  
C:\Users\Wlasciciel\vcpkg\installed\x64-windows\include\crow\mustache.h(302,94): warning C4267: 'argument': conversion from 'size_t' to 'int', possible loss of data
  (compiling source file 'Game.cpp')
  
C:\Users\Wlasciciel\vcpkg\installed\x64-windows\include\crow\mustache.h(450,54): warning C4267: 'argument': conversion from 'size_t' to 'int', possible loss of data
  (compiling source file 'Game.cpp')
  
C:\Users\Wlasciciel\vcpkg\installed\x64-windows\include\crow\mustache.h(461,54): warning C4267: 'argument': conversion from 'size_t' to 'int', possible loss of data
  (compiling source file 'Game.cpp')
  
C:\Users\Wlasciciel\vcpkg\installed\x64-windows\include\crow\mustache.h(479,54): warning C4267: 'argument': conversion from 'size_t' to 'int', possible loss of data
  (compiling source file 'Game.cpp')
  
C:\Users\Wlasciciel\vcpkg\installed\x64-windows\include\crow\mustache.h(490,54): warning C4267: 'argument': conversion from 'size_t' to 'int', possible loss of data
  (compiling source file 'Game.cpp')
  
C:\Users\Wlasciciel\vcpkg\installed\x64-windows\include\crow\routing.h(782,74): warning C4566: character represented by universal-character-name '\u2514' cannot be represented in the current code page (1250)
  (compiling source file 'Game.cpp')
  
C:\Users\Wlasciciel\vcpkg\installed\x64-windows\include\crow\routing.h(782,74): warning C4566: character represented by universal-character-name '\u279D' cannot be represented in the current code page (1250)
  (compiling source file 'Game.cpp')
  
C:\Users\Wlasciciel\vcpkg\installed\x64-windows\include\crow\routing.h(786,74): warning C4566: character represented by universal-character-name '\u2514' cannot be represented in the current code page (1250)
  (compiling source file 'Game.cpp')
  
C:\Users\Wlasciciel\vcpkg\installed\x64-windows\include\crow\routing.h(786,74): warning C4566: character represented by universal-character-name '\u279D' cannot be represented in the current code page (1250)
  (compiling source file 'Game.cpp')
  
C:\Users\Wlasciciel\vcpkg\installed\x64-windows\include\crow\routing.h(790,74): warning C4566: character represented by universal-character-name '\u2514' cannot be represented in the current code page (1250)
  (compiling source file 'Game.cpp')
  
C:\Users\Wlasciciel\vcpkg\installed\x64-windows\include\crow\routing.h(790,74): warning C4566: character represented by universal-character-name '\u279D' cannot be represented in the current code page (1250)
  (compiling source file 'Game.cpp')
  
C:\Users\Wlasciciel\vcpkg\installed\x64-windows\include\crow\routing.h(794,74): warning C4566: character represented by universal-character-name '\u2514' cannot be represented in the current code page (1250)
  (compiling source file 'Game.cpp')
  
C:\Users\Wlasciciel\vcpkg\installed\x64-windows\include\crow\routing.h(794,74): warning C4566: character represented by universal-character-name '\u279D' cannot be represented in the current code page (1250)
  (compiling source file 'Game.cpp')
  
C:\Users\Wlasciciel\vcpkg\installed\x64-windows\include\crow\routing.h(798,74): warning C4566: character represented by universal-character-name '\u2514' cannot be represented in the current code page (1250)
  (compiling source file 'Game.cpp')
  
C:\Users\Wlasciciel\vcpkg\installed\x64-windows\include\crow\routing.h(798,74): warning C4566: character represented by universal-character-name '\u279D' cannot be represented in the current code page (1250)
  (compiling source file 'Game.cpp')
  
C:\Users\Wlasciciel\vcpkg\installed\x64-windows\include\crow\routing.h(802,74): warning C4566: character represented by universal-character-name '\u2514' cannot be represented in the current code page (1250)
  (compiling source file 'Game.cpp')
  
C:\Users\Wlasciciel\vcpkg\installed\x64-windows\include\crow\routing.h(802,74): warning C4566: character represented by universal-character-name '\u279D' cannot be represented in the current code page (1250)
  (compiling source file 'Game.cpp')
  
C:\Users\Wlasciciel\vcpkg\installed\x64-windows\include\crow\routing.h(808,66): warning C4566: character represented by universal-character-name '\u2514' cannot be represented in the current code page (1250)
  (compiling source file 'Game.cpp')
  
C:\Users\Wlasciciel\vcpkg\installed\x64-windows\include\crow\routing.h(808,66): warning C4566: character represented by universal-character-name '\u279D' cannot be represented in the current code page (1250)
  (compiling source file 'Game.cpp')
  
C:\Users\Wlasciciel\vcpkg\installed\x64-windows\include\crow\routing.h(819,31): warning C4566: character represented by universal-character-name '\u2514' cannot be represented in the current code page (1250)
  (compiling source file 'Game.cpp')
  
C:\Users\Wlasciciel\vcpkg\installed\x64-windows\include\crow\routing.h(819,31): warning C4566: character represented by universal-character-name '\u2799' cannot be represented in the current code page (1250)
  (compiling source file 'Game.cpp')
  
C:\Users\Wlasciciel\vcpkg\installed\x64-windows\include\crow\routing.h(882,70): warning C4244: 'argument': conversion from '__int64' to 'unsigned int', possible loss of data
  (compiling source file 'Game.cpp')
  
C:\Users\Wlasciciel\vcpkg\installed\x64-windows\include\crow\routing.h(903,70): warning C4244: 'argument': conversion from '__int64' to 'unsigned int', possible loss of data
  (compiling source file 'Game.cpp')
  
C:\Users\Wlasciciel\vcpkg\installed\x64-windows\include\crow\routing.h(924,70): warning C4244: 'argument': conversion from '__int64' to 'unsigned int', possible loss of data
  (compiling source file 'Game.cpp')
  
C:\Users\Wlasciciel\vcpkg\installed\x64-windows\include\crow\routing.h(946,61): warning C4267: 'argument': conversion from 'size_t' to 'unsigned int', possible loss of data
  (compiling source file 'Game.cpp')
  
C:\Users\Wlasciciel\vcpkg\installed\x64-windows\include\crow\routing.h(962,61): warning C4267: 'argument': conversion from 'size_t' to 'unsigned int', possible loss of data
  (compiling source file 'Game.cpp')
  
C:\Users\Wlasciciel\vcpkg\installed\x64-windows\include\crow\routing.h(977,61): warning C4267: 'argument': conversion from 'size_t' to 'unsigned int', possible loss of data
  (compiling source file 'Game.cpp')
  
C:\Users\Wlasciciel\vcpkg\installed\x64-windows\include\crow\routing.h(1032,53): warning C4267: '+=': conversion from 'size_t' to 'unsigned int', possible loss of data
  (compiling source file 'Game.cpp')
  
C:\Users\Wlasciciel\vcpkg\installed\x64-windows\include\crow\routing.h(1043,45): warning C4267: '+=': conversion from 'size_t' to 'unsigned int', possible loss of data
  (compiling source file 'Game.cpp')
  
C:\Users\Wlasciciel\vcpkg\installed\x64-windows\include\crow\routing.h(1296,101): warning C4267: 'argument': conversion from 'size_t' to 'unsigned int', possible loss of data
  (compiling source file 'Game.cpp')
  
C:\Users\Wlasciciel\vcpkg\installed\x64-windows\include\crow\routing.h(1296,87): warning C4267: 'argument': conversion from 'size_t' to 'uint16_t', possible loss of data
  (compiling source file 'Game.cpp')
  
C:\Users\Wlasciciel\vcpkg\installed\x64-windows\include\crow\routing.h(1302,118): warning C4267: 'argument': conversion from 'size_t' to 'unsigned int', possible loss of data
  (compiling source file 'Game.cpp')
  
C:\Users\Wlasciciel\vcpkg\installed\x64-windows\include\crow\routing.h(1363,111): warning C4267: 'argument': conversion from 'size_t' to 'unsigned int', possible loss of data
  (compiling source file 'Game.cpp')
  
C:\Users\Wlasciciel\vcpkg\installed\x64-windows\include\crow\routing.h(1508,24): warning C4267: 'initializing': conversion from 'size_t' to 'int', possible loss of data
  (compiling source file 'Game.cpp')
  
  SFMLTemplate.vcxproj -> C:\Users\Wlasciciel\Desktop\projekty\beatup\x64\Debug\SFMLTemplate.exe
  'pwsh.exe' is not recognized as an internal or external command,
  operable program or batch file.
